#
# There is insufficient memory for the Java Runtime Environment to continue.
# Native memory allocation (mmap) failed to map 536870912 bytes. Error detail: G1 virtual space
# Possible reasons:
#   The system is out of physical RAM or swap space
#   This process is running with CompressedOops enabled, and the Java Heap may be blocking the growth of the native heap
# Possible solutions:
#   Reduce memory load on the system
#   Increase physical memory or swap space
#   Check if swap backing store is full
#   Decrease Java heap size (-Xmx/-Xms)
#   Decrease number of Java threads
#   Decrease Java thread stack sizes (-Xss)
#   Set larger code cache with -XX:ReservedCodeCacheSize=
#   JVM is running with Zero Based Compressed Oops mode in which the Java heap is
#     placed in the first 32GB address space. The Java Heap base address is the
#     maximum limit for the native heap growth. Please use -XX:HeapBaseMinAddress
#     to set the Java Heap base and to place the Java Heap above 32GB virtual address.
# This output file may be truncated or incomplete.
#
#  Out of Memory Error (os_windows.cpp:3554), pid=22144, tid=50144
#
# JRE version:  (25.0+37) (build )
# Java VM: Java HotSpot(TM) 64-Bit Server VM (25+37-LTS-3491, mixed mode, sharing, tiered, compressed oops, compressed class ptrs, g1 gc, windows-amd64)
# No core dump will be written. Minidumps are not enabled by default on client versions of Windows
#

---------------  S U M M A R Y ------------

Command Line: io.qameta.allure.CommandLine generate test_outputs/allure_results -o test_outputs/allure_report --clean --single-file

Host: Intel(R) Core(TM) i7-9850H CPU @ 2.60GHz, 12 cores, 31G,  Windows 11 , 64 bit Build 26100 (10.0.26100.5074)
Time: Thu Oct 23 00:58:13 2025 Egypt Daylight Time elapsed time: 2.141235 seconds (0d 0h 0m 2s)

---------------  T H R E A D  ---------------

Current thread (0x0000020956818520):  JavaThread "Unknown thread" [_thread_in_vm, id=50144, stack(0x000000ff13800000,0x000000ff13900000) (1024K)]

Stack: [0x000000ff13800000,0x000000ff13900000]
Native frames: (J=compiled Java code, j=interpreted, Vv=VM code, C=native code)
V  [jvm.dll+0x7a6a39]  (no source info available)
V  [jvm.dll+0x7727ed]  (no source info available)
V  [jvm.dll+0x965f33]  (no source info available)
V  [jvm.dll+0x968531]  (no source info available)
V  [jvm.dll+0x968c33]  (no source info available)
V  [jvm.dll+0x2fc756]  (no source info available)
V  [jvm.dll+0x7a2c65]  (no source info available)
V  [jvm.dll+0x796077]  (no source info available)
V  [jvm.dll+0x3f4698]  (no source info available)
V  [jvm.dll+0x3fc5b6]  (no source info available)
V  [jvm.dll+0x3e8c8e]  (no source info available)
V  [jvm.dll+0x3e8f48]  (no source info available)
V  [jvm.dll+0x3c0045]  (no source info available)
V  [jvm.dll+0x3c0cce]  (no source info available)
V  [jvm.dll+0x92c647]  (no source info available)
V  [jvm.dll+0x458b62]  (no source info available)
V  [jvm.dll+0x90fff2]  (no source info available)
V  [jvm.dll+0x4f9001]  (no source info available)
V  [jvm.dll+0x4fa891]  (no source info available)
C  [jli.dll+0x543e]  (no source info available)
C  [ucrtbase.dll+0x37b0]  (no source info available)
C  [KERNEL32.DLL+0x2e8d7]  (no source info available)
C  [ntdll.dll+0x8d9c]  (no source info available)

Lock stack of current Java thread (top to bottom):


---------------  P R O C E S S  ---------------

Threads class SMR info:
_java_thread_list=0x00007ff916085308, length=0, elements={
}

Java Threads: ( => current thread )
Total: 0

Other Threads:
  0x0000020958cd9830 WorkerThread "GC Thread#0"                     [id=55344, stack(0x000000ff13900000,0x000000ff13a00000) (1024K)]
  0x000002097a937fe0 ConcurrentGCThread "G1 Main Marker"            [id=25032, stack(0x000000ff13a00000,0x000000ff13b00000) (1024K)]
  0x000002097a938b80 WorkerThread "G1 Conc#0"                       [id=24232, stack(0x000000ff13b00000,0x000000ff13c00000) (1024K)]

[error occurred during error reporting (printing all threads), id 0xc0000005, EXCEPTION_ACCESS_VIOLATION (0xc0000005) at pc=0x00007ff915764c2a]
VM state: not at safepoint (not fully initialized)

VM Mutex/Monitor currently owned by a thread:  ([mutex/lock_event])
[0x00007ff916109628] Heap_lock - owner thread: 0x0000020956818520

Heap address: 0x0000000603000000, size: 8144 MB, Compressed Oops mode: Zero based, Oop shift amount: 3

CDS archive(s) mapped at: [0x0000000000000000-0x0000000000000000-0x0000000000000000), size 0, SharedBaseAddress: 0x0000000800000000, ArchiveRelocationMode: 1.
UseCompressedClassPointers 1, UseCompactObjectHeaders 0
Narrow klass pointer bits 32, Max shift 3
Narrow klass base: 0xffffffffffffffff, Narrow klass shift: -1
Encoding Range: [0xffffffffffffffff - 0x000000007fffffff), (2147483648 bytes)
Klass Range:    [0x0000000000000000 - 0x0000000000000000), (0 bytes)
Klass ID Range:  [4294967295 - 0) (1)
No protection zone.

GC Precious Log:
 CardTable entry size: 512
 Card Set container configuration: InlinePtr #cards 4 size 8 Array Of Cards #cards 32 size 80 Howl #buckets 8 coarsen threshold 7372 Howl Bitmap #cards 1024 size 144 coarsen threshold 921 Card regions per heap region 1 cards per card region 8192

Heap:
 garbage-first heap   total reserved 8339456K, committed 0K, used 0K [0x0000000603000000, 0x0000000800000000)
  region size 4096K, 0 young (0K), 0 survivors (0K)

Heap Regions: E=young(eden), S=young(survivor), O=old, HS=humongous(starts), HC=humongous(continues), CS=collection set, F=free, TAMS=top-at-mark-start, PB=parsable bottom

Card table byte_map: [0x0000020971a00000,0x00000209729f0000] _byte_map_base: 0x000002096e9e8000

Marking Bits: (CMBitMap*) 0x0000020958cd9fc0
 Bits: [0x00000209729f0000, 0x000002097a930000)

GC Heap Usage History (0 events):
No events

Metaspace Usage History (0 events):
No events

Dll operation events (1 events):
Event: 0.053 Loaded shared library C:\Program Files\Java\jdk-25\bin\java.dll

Deoptimization events (0 events):
No events

Classes loaded (0 events):
No events

Classes unloaded (0 events):
No events

Classes redefined (0 events):
No events

Internal exceptions (0 events):
No events

VM Operations (0 events):
No events

Memory protections (0 events):
No events

Nmethod flushes (0 events):
No events

Events (0 events):
No events


Dynamic libraries:
0x00007ff686f40000 - 0x00007ff686f50000 	C:\Program Files\Java\jdk-25\bin\java.exe
0x00007ffa39860000 - 0x00007ffa39ac9000 	C:\WINDOWS\SYSTEM32\ntdll.dll
0x00007ffa376c0000 - 0x00007ffa37789000 	C:\WINDOWS\System32\KERNEL32.DLL
0x00007ffa37080000 - 0x00007ffa37473000 	C:\WINDOWS\System32\KERNELBASE.dll
0x00007ffa36f30000 - 0x00007ffa3707b000 	C:\WINDOWS\System32\ucrtbase.dll
0x00007ffa22160000 - 0x00007ffa22177000 	C:\Program Files\Java\jdk-25\bin\jli.dll
0x00007ffa20950000 - 0x00007ffa2096e000 	C:\Program Files\Java\jdk-25\bin\VCRUNTIME140.dll
0x00007ffa37ea0000 - 0x00007ffa38064000 	C:\WINDOWS\System32\USER32.dll
0x00007ffa37480000 - 0x00007ffa374a7000 	C:\WINDOWS\System32\win32u.dll
0x00007ffa16a30000 - 0x00007ffa16cc3000 	C:\WINDOWS\WinSxS\amd64_microsoft.windows.common-controls_6595b64144ccf1df_6.0.26100.5074_none_3e0d6f78e32fd63f\COMCTL32.dll
0x00007ffa37690000 - 0x00007ffa376bb000 	C:\WINDOWS\System32\GDI32.dll
0x00007ffa39040000 - 0x00007ffa390e9000 	C:\WINDOWS\System32\msvcrt.dll
0x00007ffa36e00000 - 0x00007ffa36f2d000 	C:\WINDOWS\System32\gdi32full.dll
0x00007ffa36d50000 - 0x00007ffa36df3000 	C:\WINDOWS\System32\msvcp_win.dll
0x00007ffa37d00000 - 0x00007ffa37d2f000 	C:\WINDOWS\System32\IMM32.DLL
0x00007ffa22150000 - 0x00007ffa2215c000 	C:\Program Files\Java\jdk-25\bin\vcruntime140_1.dll
0x00007ffa0d730000 - 0x00007ffa0d7bd000 	C:\Program Files\Java\jdk-25\bin\msvcp140.dll
0x00007ff915390000 - 0x00007ff9161ef000 	C:\Program Files\Java\jdk-25\bin\server\jvm.dll
0x00007ffa38200000 - 0x00007ffa382b4000 	C:\WINDOWS\System32\ADVAPI32.dll
0x00007ffa383c0000 - 0x00007ffa38466000 	C:\WINDOWS\System32\sechost.dll
0x00007ffa38070000 - 0x00007ffa38188000 	C:\WINDOWS\System32\RPCRT4.dll
0x00007ffa384f0000 - 0x00007ffa38564000 	C:\WINDOWS\System32\WS2_32.dll
0x00007ffa36850000 - 0x00007ffa368ae000 	C:\WINDOWS\SYSTEM32\POWRPROF.dll
0x00007ffa2a610000 - 0x00007ffa2a61b000 	C:\WINDOWS\SYSTEM32\VERSION.dll
0x00007ffa24f50000 - 0x00007ffa24f85000 	C:\WINDOWS\SYSTEM32\WINMM.dll
0x00007ffa36830000 - 0x00007ffa36844000 	C:\WINDOWS\SYSTEM32\UMPDC.dll
0x00007ffa35790000 - 0x00007ffa357ab000 	C:\WINDOWS\SYSTEM32\kernel.appcore.dll
0x00007ffa20aa0000 - 0x00007ffa20aaa000 	C:\Program Files\Java\jdk-25\bin\jimage.dll
0x00007ffa23290000 - 0x00007ffa234d2000 	C:\WINDOWS\SYSTEM32\DBGHELP.DLL
0x00007ffa37790000 - 0x00007ffa37b0b000 	C:\WINDOWS\System32\combase.dll
0x00007ffa392b0000 - 0x00007ffa39387000 	C:\WINDOWS\System32\OLEAUT32.dll
0x00007ffa10330000 - 0x00007ffa1036d000 	C:\WINDOWS\SYSTEM32\dbgcore.DLL
0x00007ffa36ab0000 - 0x00007ffa36b49000 	C:\WINDOWS\System32\bcryptPrimitives.dll
0x00007ffa20870000 - 0x00007ffa2088f000 	C:\Program Files\Java\jdk-25\bin\java.dll
0x00007ffa38d60000 - 0x00007ffa38ef8000 	C:\WINDOWS\System32\ole32.dll
0x00007ffa38570000 - 0x00007ffa38cbd000 	C:\WINDOWS\System32\SHELL32.dll
0x00007ffa36b50000 - 0x00007ffa36cbc000 	C:\WINDOWS\System32\wintypes.dll

JVMTI agents: none

dbghelp: loaded successfully - version: 4.0.5 - missing functions: none
symbol engine: initialized successfully - sym options: 0x614 - pdb path: .;C:\Program Files\Java\jdk-25\bin;C:\WINDOWS\SYSTEM32;C:\WINDOWS\WinSxS\amd64_microsoft.windows.common-controls_6595b64144ccf1df_6.0.26100.5074_none_3e0d6f78e32fd63f;C:\Program Files\Java\jdk-25\bin\server

VM Arguments:
java_command: io.qameta.allure.CommandLine generate test_outputs/allure_results -o test_outputs/allure_report --clean --single-file
java_class_path (initial): C:\Users\Kholoud\.m2\repository\Allure\allure-2.35.1\lib\allure-commandline-2.35.1.jar;C:\Users\Kholoud\.m2\repository\Allure\allure-2.35.1\lib\allure-generator-2.35.1.jar;C:\Users\Kholoud\.m2\repository\Allure\allure-2.35.1\lib\allure-model-2.29.1.jar;C:\Users\Kholoud\.m2\repository\Allure\allure-2.35.1\lib\allure-plugin-api-2.35.1.jar;C:\Users\Kholoud\.m2\repository\Allure\allure-2.35.1\lib\allure1-model-1.0.jar;C:\Users\Kholoud\.m2\repository\Allure\allure-2.35.1\lib\annotations-15.0.jar;C:\Users\Kholoud\.m2\repository\Allure\allure-2.35.1\lib\commons-beanutils-1.11.0.jar;C:\Users\Kholoud\.m2\repository\Allure\allure-2.35.1\lib\commons-codec-1.11.jar;C:\Users\Kholoud\.m2\repository\Allure\allure-2.35.1\lib\commons-collections-3.2.2.jar;C:\Users\Kholoud\.m2\repository\Allure\allure-2.35.1\lib\commons-collections4-4.5.0.jar;C:\Users\Kholoud\.m2\repository\Allure\allure-2.35.1\lib\commons-io-2.20.0.jar;C:\Users\Kholoud\.m2\repository\Allure\allure-2.35.1\lib\commons-lang3-3.18.0.jar;C:\Users\Kholoud\.m2\repository\Allure\allure-2.35.1\lib\commons-logging-1.3.5.jar;C:\Users\Kholoud\.m2\repository\Allure\allure-2.35.1\lib\commons-text-1.11.0.jar;C:\Users\Kholoud\.m2\repository\Allure\allure-2.35.1\lib\flexmark-0.62.2.jar;C:\Users\Kholoud\.m2\repository\Allure\allure-2.35.1\lib\flexmark-ext-tables-0.62.2.jar;C:\Users\Kholoud\.m2\repository\Allure\allure-2.35.1\lib\flexmark-util-0.62.2.jar;C:\Users\Kholoud\.m2\repository\Allure\allure-2.35.1\lib\flexmark-util-ast-0.62.2.jar;C:\Users\Kholoud\.m2\repository\Allure\allure-2.35.1\lib\flexmark-util-builder-0.62.2.jar;C:\Users\Kholoud\.m2\repository\Allure\allure-2.35.1\lib\flexmark-util-collection-0.62.2.jar;C:\Users\Kholoud\.m2\repository\Allure\allure-2.35.1\lib\flexmark-util-data-0.62.2.jar;C:\Users\Kholoud\.m2\repository\Allure\allure-2.35.1\lib\flexmark-util-dependency-0.62.2.jar;C:\Users\Kholoud\.m2\repository\Allure\allure-2.35.1\lib\flexmark-util-format-0.62.2.jar;C:\Users\Kholoud\.m2\repository\Allure\allure-2.35.1\lib\flexmark-util-html-0.62.2.jar;C:\Users\Kholoud\.m2\repository\Allure\allure-2.35.1\lib\flexmark-util-misc-0.62.2.jar;C:\Users\Kholoud\.m2\repository\Allure\allure-2.35.1\lib\flexmark-util-options-0.62.2.jar;C:\Users\Kholoud\.m2\repository\Allure\allure-2.35.1\lib\flexmark-util-sequence-0.62.2.jar;C:\Users\Kholoud\.m2\repository\Allure\allure-2.35.1\lib\flexmark-util-visitor-0.62.2.jar;C:\Users\Kholoud\.m2\repository\Allure\allure-2.35.1\lib\freemarker-2.3.34.jar;C:\Users\Kholoud\.m2\repository\Allure\allure-2.35.1\lib\httpclient-4.5.14.jar;C:\Users\Kholoud\.m2\repository\Allure\allure-2.35.1\lib\httpcore-4.4.16.jar;C:\Users\Kholoud\.m2\repository\Allure\allure-2.35.1\lib\jackson-annotations-2.20.jar;C:\Users\Kholoud\.m2\repository\Allure\allure-2.35.1\lib\jackson-core-2.20.0.jar;C:\Users\Kholoud\.m2\repository\Allure\allure-2.35.1\lib\jackson-databind-2.20.0.jar;C:\Users\Kholoud\.m2\repository\Allure\allure-2.35.1\lib\jackson-dataformat-xml-2.20.0.jar;C:\Users\Kholoud\.m2\repository\Allure\allure-2.35.1\lib\jackson-dataformat-yaml-2.20.0.jar;C:\Users\Kholoud\.m2\repository\Allure\allure-2.35.1\lib\jackson-module-jaxb-annotations-2.20.0.jar;C:\Users\Kholoud\.m2\repository\Allure\allure-2.35.1\lib\jakarta.activation-api-1.2.2.jar;C:\Users\Kholoud\.m2\repository\Allure\allure-2.35.1\lib\javax.activation-api-1.2.0.jar;C:\Users\Kholoud\.m2\repository\Allure\allure-2.35.1\lib\jaxb-api-2.3.1.jar;C:\Users\Kholoud\.m2\repository\Allure\allure-2.35.1\lib\jaxb-utils-1.0.jar;C:\Users\Kholoud\.m2\repository\Allure\allure-2.35.1\lib\jcommander-1.82.jar;C:\Users\Kholoud\.m2\repository\Allure\allure-2.35.1\lib\logback-classic-1.3.15.jar;C:\Users\Kholoud\.m2\repository\Allure\allure-2.35.1\lib\logback-core-1.3.15.jar;C:\Users\Kholoud\.m2\repository\Allure\allure-2.35.1\lib\opencsv-5.9.jar;C:\Users\Kholoud\.m2\repository\Allure\allure-2.35.1\lib\properties-2.0.RC5.jar;C:\Users\Kholoud\.m2\repository\Allure\allure-2.35.1\lib\slf4j-api-2.0.17.jar;C:\Users\Kholoud\.m2\repository\Allure\allure-2.35.1\lib\snakeyaml-2.4.jar;C:\Users\Kholoud\.m2\repository\Allure\allure-2.35.1\lib\stax2-api-4.2.2.jar;C:\Users\Kholoud\.m2\repository\Allure\allure-2.35.1\lib\tika-core-2.9.4.jar;C:\Users\Kholoud\.m2\repository\Allure\allure-2.35.1\lib\woodstox-core-7.1.1.jar;C:\Users\Kholoud\.m2\repository\Allure\allure-2.35.1\lib\config
Launcher Type: SUN_STANDARD

[Global flags]
     intx CICompilerCount                          = 4                                         {product} {ergonomic}
     uint ConcGCThreads                            = 3                                         {product} {ergonomic}
     uint G1ConcRefinementThreads                  = 10                                        {product} {ergonomic}
   size_t G1HeapRegionSize                         = 4194304                                   {product} {ergonomic}
   size_t InitialHeapSize                          = 536870912                                 {product} {ergonomic}
   size_t MarkStackSize                            = 4194304                                   {product} {ergonomic}
   size_t MarkStackSizeMax                         = 536870912                                 {product} {ergonomic}
   size_t MaxHeapSize                              = 8539602944                                {product} {ergonomic}
   size_t MinHeapDeltaBytes                        = 4194304                                   {product} {ergonomic}
   size_t MinHeapSize                              = 8388608                                   {product} {ergonomic}
    uintx NonNMethodCodeHeapSize                   = 5832704                                {pd product} {ergonomic}
    uintx NonProfiledCodeHeapSize                  = 122945536                              {pd product} {ergonomic}
    uintx ProfiledCodeHeapSize                     = 122880000                              {pd product} {ergonomic}
    uintx ReservedCodeCacheSize                    = 251658240                              {pd product} {ergonomic}
     bool SegmentedCodeCache                       = true                                      {product} {ergonomic}
   size_t SoftMaxHeapSize                          = 8539602944                             {manageable} {ergonomic}
     bool UseCompressedOops                        = true                           {product lp64_product} {ergonomic}
     bool UseG1GC                                  = true                                      {product} {ergonomic}
     bool UseLargePagesIndividualAllocation        = false                                  {pd product} {ergonomic}

Logging:
Log output configuration:
 #0: stdout all=warning uptime,level,tags foldmultilines=false
 #1: stderr all=off uptime,level,tags foldmultilines=false

Release file:
<release file has not been read>
Environment Variables:
JAVA_HOME=C:\Program Files\Java\jdk-25
CLASSPATH=C:\Users\Kholoud\.m2\repository\Allure\allure-2.35.1\lib\*;C:\Users\Kholoud\.m2\repository\Allure\allure-2.35.1\lib\config
PATH=C:\Program Files (x86)\VMware\VMware Workstation\bin\;C:\Program Files\Common Files\Oracle\Java\javapath;C:\Program Files (x86)\Common Files\Oracle\Java\java8path;C:\Program Files (x86)\Common Files\Oracle\Java\javapath;C:\WINDOWS\system32;C:\WINDOWS;C:\WINDOWS\System32\Wbem;C:\WINDOWS\System32\WindowsPowerShell\v1.0\;C:\WINDOWS\System32\OpenSSH\;C:\Users\Kholoud\AppData\Local\Programs\Python\Python312;C:\Users\Kholoud\AppData\Local\Programs\Python\Python312\Scripts;C:\Program Files\Microsoft SQL Server\150\Tools\Binn\;C:\Program Files\Microsoft SQL Server\Client SDK\ODBC\170\Tools\Binn\;C:\Program Files\dotnet\;C:\Program Files\Git\cmd;C:\Program Files (x86)\Microsoft SQL Server\160\Tools\Binn\;C:\Program Files\Microsoft SQL Server\160\Tools\Binn\;C:\Program Files\Microsoft SQL Server\160\DTS\Binn\;C:\Program Files (x86)\Microsoft SQL Server\160\DTS\Binn\;C:\Program Files\Java\jdk-23;D:\apache-maven-3.9.9-bin\apache-maven-3.9.9\bin;C:\Users\Kholoud\AppData\Local\Android\Sdk\tools\bin;C:\Users\Kholoud\AppData\Local\Android\Sdk\tools;C:\Users\Kholoud\AppData\Local\Android\Sdk\platform-tools;C:\Program Files\Docker\Docker\resources\bin;C:\strawberry\c\bin;C:\strawberry\perl\bin;C:\Users\Kholoud\.m2\repository\Allure\allure-2.35.1\bin;C:\Program Files\nodejs;C:\Program Files\nodejs\node_modules\npm\bin;C:\Users\Kholoud\AppData\Local\Programs\Python\Launcher\;C:\Users\Kholoud\AppData\Local\Programs\Python\Python312\Scripts\;C:\Users\Kholoud\AppData\Local\Programs\Python\Python312\;C:\Users\Kholoud\AppData\Local\Microsoft\WindowsApps;C:\Users\Kholoud\.dotnet\tools;C:\Users\Kholoud\AppData\Local\Programs\Microsoft VS Code\bin;C:\Users\Kholoud\AppData\Local\GitHubDesktop\bin;C:\Program Files\JetBrains\IntelliJ IDEA 2024.3.1\bin;;C:\Users\Kholoud\AppData\Local\Programs\cursor\resources\app\bin;C:\Users\Kholoud\AppData\Roaming\npm;
USERNAME=Kholoud
TERM=dumb
OS=Windows_NT
PROCESSOR_IDENTIFIER=Intel64 Family 6 Model 158 Stepping 13, GenuineIntel
TMP=C:\Users\Kholoud\AppData\Local\Temp
TEMP=C:\Users\Kholoud\AppData\Local\Temp




Compilation memory statistics disabled.

Periodic native trim disabled

---------------  S Y S T E M  ---------------

OS:
 Windows 11 , 64 bit Build 26100 (10.0.26100.5074)
OS uptime: 5 days 10:07 hours
Hyper-V role detected

CPU: total 12 (initial active 12) (6 cores per cpu, 2 threads per core) family 6 model 158 stepping 13 microcode 0xfa, cx8, cmov, fxsr, ht, mmx, 3dnowpref, sse, sse2, sse3, ssse3, sse4.1, sse4.2, popcnt, lzcnt, tsc, tscinvbit, avx, avx2, aes, erms, clmul, bmi1, bmi2, adx, fma, vzeroupper, clflush, clflushopt, hv, rdtscp, f16c
Processor Information for processor 0
  Max Mhz: 2592, Current Mhz: 2592, Mhz Limit: 2592
Processor Information for processor 1
  Max Mhz: 2592, Current Mhz: 1495, Mhz Limit: 2592
Processor Information for processor 2
  Max Mhz: 2592, Current Mhz: 1495, Mhz Limit: 2592
Processor Information for processor 3
  Max Mhz: 2592, Current Mhz: 1495, Mhz Limit: 2592
Processor Information for processor 4
  Max Mhz: 2592, Current Mhz: 1495, Mhz Limit: 2592
Processor Information for processor 5
  Max Mhz: 2592, Current Mhz: 1495, Mhz Limit: 2592
Processor Information for processor 6
  Max Mhz: 2592, Current Mhz: 1495, Mhz Limit: 2592
Processor Information for processor 7
  Max Mhz: 2592, Current Mhz: 1495, Mhz Limit: 2592
Processor Information for processor 8
  Max Mhz: 2592, Current Mhz: 1495, Mhz Limit: 2592
Processor Information for processor 9
  Max Mhz: 2592, Current Mhz: 2592, Mhz Limit: 2592
Processor Information for processor 10
  Max Mhz: 2592, Current Mhz: 1495, Mhz Limit: 2592
Processor Information for processor 11
  Max Mhz: 2592, Current Mhz: 1495, Mhz Limit: 2592

Memory: 4k page, system-wide physical 32575M (4087M free)
TotalPageFile size 78784M (AvailPageFile size 441M)
current process WorkingSet (physical memory assigned to process): 14M, peak: 14M
current process commit charge ("private bytes"): 65M, peak: 577M

vm_info: Java HotSpot(TM) 64-Bit Server VM (25+37-LTS-3491) for windows-amd64 JRE (25+37-LTS-3491), built on 2025-08-14T21:13:00Z with unknown MS VC++:1943

END.
